This file contains any messages produced by compilers while
running configure, to aid debugging if configure makes a mistake.

It was created by configure, which was
generated by GNU Autoconf 2.59.  Invocation command line was

  $ ./configure --prefix=/home/hccho/local --with-liblbfgs=/home/hccho/local --with-libcrfsuite=/home/hccho/local

## --------- ##
## Platform. ##
## --------- ##

hostname = whiskey
uname -m = x86_64
uname -r = 2.6.38-11-server
uname -s = Linux
uname -v = #50-Ubuntu SMP Mon Sep 12 21:34:27 UTC 2011

/usr/bin/uname -p = unknown
/bin/uname -X     = unknown

/bin/arch              = unknown
/usr/bin/arch -k       = unknown
/usr/convex/getsysinfo = unknown
hostinfo               = unknown
/bin/machine           = unknown
/usr/bin/oslevel       = unknown
/bin/universe          = unknown

PATH: /home/hccho/local/bin
PATH: /home/hccho/local/lib
PATH: /home/hccho/local/include
PATH: /home/hccho/research2/joint_NER_EE/data/scripts
PATH: /home/hccho/local/boost_1_48_0
PATH: /usr/local/sbin
PATH: /usr/local/bin
PATH: /usr/sbin
PATH: /usr/bin
PATH: /sbin
PATH: /bin
PATH: /usr/games


## ----------- ##
## Core tests. ##
## ----------- ##

configure:1357: checking build system type
configure:1375: result: x86_64-unknown-linux-gnu
configure:1383: checking host system type
configure:1397: result: x86_64-unknown-linux-gnu
configure:1451: checking for gcc
configure:1467: found /usr/bin/gcc
configure:1477: result: gcc
configure:1721: checking for C compiler version
configure:1724: gcc --version </dev/null >&5
gcc (Ubuntu/Linaro 4.5.2-8ubuntu4) 4.5.2
Copyright (C) 2010 Free Software Foundation, Inc.
This is free software; see the source for copying conditions.  There is NO
warranty; not even for MERCHANTABILITY or FITNESS FOR A PARTICULAR PURPOSE.

configure:1727: $? = 0
configure:1729: gcc -v </dev/null >&5
Using built-in specs.
COLLECT_GCC=gcc
COLLECT_LTO_WRAPPER=/usr/lib/x86_64-linux-gnu/gcc/x86_64-linux-gnu/4.5.2/lto-wrapper
Target: x86_64-linux-gnu
Configured with: ../src/configure -v --with-pkgversion='Ubuntu/Linaro 4.5.2-8ubuntu4' --with-bugurl=file:///usr/share/doc/gcc-4.5/README.Bugs --enable-languages=c,c++,fortran,objc,obj-c++ --prefix=/usr --program-suffix=-4.5 --enable-shared --enable-multiarch --with-multiarch-defaults=x86_64-linux-gnu --enable-linker-build-id --with-system-zlib --libexecdir=/usr/lib/x86_64-linux-gnu --without-included-gettext --enable-threads=posix --with-gxx-include-dir=/usr/include/c++/4.5 --libdir=/usr/lib/x86_64-linux-gnu --enable-nls --with-sysroot=/ --enable-clocale=gnu --enable-libstdcxx-debug --enable-libstdcxx-time=yes --enable-plugin --enable-gold --enable-ld=default --with-plugin-ld=ld.gold --enable-objc-gc --disable-werror --with-arch-32=i686 --with-tune=generic --enable-checking=release --build=x86_64-linux-gnu --host=x86_64-linux-gnu --target=x86_64-linux-gnu
Thread model: posix
gcc version 4.5.2 (Ubuntu/Linaro 4.5.2-8ubuntu4) 
configure:1732: $? = 0
configure:1734: gcc -V </dev/null >&5
gcc: '-V' option must have argument
configure:1737: $? = 1
configure:1760: checking for C compiler default output file name
configure:1763: gcc    conftest.c  >&5
configure:1766: $? = 0
configure:1812: result: a.out
configure:1817: checking whether the C compiler works
configure:1823: ./a.out
configure:1826: $? = 0
configure:1843: result: yes
configure:1850: checking whether we are cross compiling
configure:1852: result: no
configure:1855: checking for suffix of executables
configure:1857: gcc -o conftest    conftest.c  >&5
configure:1860: $? = 0
configure:1885: result: 
configure:1891: checking for suffix of object files
configure:1912: gcc -c   conftest.c >&5
configure:1915: $? = 0
configure:1937: result: o
configure:1941: checking whether we are using the GNU C compiler
configure:1965: gcc -c   conftest.c >&5
configure:1971: $? = 0
configure:1975: test -z 
			 || test ! -s conftest.err
configure:1978: $? = 0
configure:1981: test -s conftest.o
configure:1984: $? = 0
configure:1997: result: yes
configure:2003: checking whether gcc accepts -g
configure:2024: gcc -c -g  conftest.c >&5
configure:2030: $? = 0
configure:2034: test -z 
			 || test ! -s conftest.err
configure:2037: $? = 0
configure:2040: test -s conftest.o
configure:2043: $? = 0
configure:2054: result: yes
configure:2071: checking for gcc option to accept ANSI C
configure:2141: gcc  -c -g -O2  conftest.c >&5
configure:2147: $? = 0
configure:2151: test -z 
			 || test ! -s conftest.err
configure:2154: $? = 0
configure:2157: test -s conftest.o
configure:2160: $? = 0
configure:2178: result: none needed
configure:2196: gcc -c -g -O2  conftest.c >&5
conftest.c:2:9: error: expected '=', ',', ';', 'asm' or '__attribute__' before 'me'
configure:2202: $? = 1
configure: failed program was:
| #ifndef __cplusplus
|   choke me
| #endif
configure:2341: checking how to run the C preprocessor
configure:2376: gcc -E  conftest.c
configure:2382: $? = 0
configure:2414: gcc -E  conftest.c
conftest.c:9:28: fatal error: ac_nonexistent.h: No such file or directory
compilation terminated.
configure:2420: $? = 1
configure: failed program was:
| /* confdefs.h.  */
| 
| #define PACKAGE_NAME ""
| #define PACKAGE_TARNAME ""
| #define PACKAGE_VERSION ""
| #define PACKAGE_STRING ""
| #define PACKAGE_BUGREPORT ""
| /* end confdefs.h.  */
| #include <ac_nonexistent.h>
configure:2459: result: gcc -E
configure:2483: gcc -E  conftest.c
configure:2489: $? = 0
configure:2521: gcc -E  conftest.c
conftest.c:9:28: fatal error: ac_nonexistent.h: No such file or directory
compilation terminated.
configure:2527: $? = 1
configure: failed program was:
| /* confdefs.h.  */
| 
| #define PACKAGE_NAME ""
| #define PACKAGE_TARNAME ""
| #define PACKAGE_VERSION ""
| #define PACKAGE_STRING ""
| #define PACKAGE_BUGREPORT ""
| /* end confdefs.h.  */
| #include <ac_nonexistent.h>
configure:2571: checking for egrep
configure:2581: result: grep -E
configure:2587: checking for AIX
configure:2609: result: no
configure:2615: checking for ANSI C header files
configure:2640: gcc -c -g -O2  conftest.c >&5
configure:2646: $? = 0
configure:2650: test -z 
			 || test ! -s conftest.err
configure:2653: $? = 0
configure:2656: test -s conftest.o
configure:2659: $? = 0
configure:2748: gcc -o conftest -g -O2   conftest.c  >&5
conftest.c: In function 'main':
conftest.c:26:7: warning: incompatible implicit declaration of built-in function 'exit'
configure:2751: $? = 0
configure:2753: ./conftest
configure:2756: $? = 0
configure:2771: result: yes
configure:2795: checking for sys/types.h
configure:2811: gcc -c -g -O2  conftest.c >&5
configure:2817: $? = 0
configure:2821: test -z 
			 || test ! -s conftest.err
configure:2824: $? = 0
configure:2827: test -s conftest.o
configure:2830: $? = 0
configure:2841: result: yes
configure:2795: checking for sys/stat.h
configure:2811: gcc -c -g -O2  conftest.c >&5
configure:2817: $? = 0
configure:2821: test -z 
			 || test ! -s conftest.err
configure:2824: $? = 0
configure:2827: test -s conftest.o
configure:2830: $? = 0
configure:2841: result: yes
configure:2795: checking for stdlib.h
configure:2811: gcc -c -g -O2  conftest.c >&5
configure:2817: $? = 0
configure:2821: test -z 
			 || test ! -s conftest.err
configure:2824: $? = 0
configure:2827: test -s conftest.o
configure:2830: $? = 0
configure:2841: result: yes
configure:2795: checking for string.h
configure:2811: gcc -c -g -O2  conftest.c >&5
configure:2817: $? = 0
configure:2821: test -z 
			 || test ! -s conftest.err
configure:2824: $? = 0
configure:2827: test -s conftest.o
configure:2830: $? = 0
configure:2841: result: yes
configure:2795: checking for memory.h
configure:2811: gcc -c -g -O2  conftest.c >&5
configure:2817: $? = 0
configure:2821: test -z 
			 || test ! -s conftest.err
configure:2824: $? = 0
configure:2827: test -s conftest.o
configure:2830: $? = 0
configure:2841: result: yes
configure:2795: checking for strings.h
configure:2811: gcc -c -g -O2  conftest.c >&5
configure:2817: $? = 0
configure:2821: test -z 
			 || test ! -s conftest.err
configure:2824: $? = 0
configure:2827: test -s conftest.o
configure:2830: $? = 0
configure:2841: result: yes
configure:2795: checking for inttypes.h
configure:2811: gcc -c -g -O2  conftest.c >&5
configure:2817: $? = 0
configure:2821: test -z 
			 || test ! -s conftest.err
configure:2824: $? = 0
configure:2827: test -s conftest.o
configure:2830: $? = 0
configure:2841: result: yes
configure:2795: checking for stdint.h
configure:2811: gcc -c -g -O2  conftest.c >&5
configure:2817: $? = 0
configure:2821: test -z 
			 || test ! -s conftest.err
configure:2824: $? = 0
configure:2827: test -s conftest.o
configure:2830: $? = 0
configure:2841: result: yes
configure:2795: checking for unistd.h
configure:2811: gcc -c -g -O2  conftest.c >&5
configure:2817: $? = 0
configure:2821: test -z 
			 || test ! -s conftest.err
configure:2824: $? = 0
configure:2827: test -s conftest.o
configure:2830: $? = 0
configure:2841: result: yes
configure:2863: checking minix/config.h usability
configure:2875: gcc -c -g -O2  conftest.c >&5
conftest.c:53:26: fatal error: minix/config.h: No such file or directory
compilation terminated.
configure:2881: $? = 1
configure: failed program was:
| /* confdefs.h.  */
| 
| #define PACKAGE_NAME ""
| #define PACKAGE_TARNAME ""
| #define PACKAGE_VERSION ""
| #define PACKAGE_STRING ""
| #define PACKAGE_BUGREPORT ""
| #define STDC_HEADERS 1
| #define HAVE_SYS_TYPES_H 1
| #define HAVE_SYS_STAT_H 1
| #define HAVE_STDLIB_H 1
| #define HAVE_STRING_H 1
| #define HAVE_MEMORY_H 1
| #define HAVE_STRINGS_H 1
| #define HAVE_INTTYPES_H 1
| #define HAVE_STDINT_H 1
| #define HAVE_UNISTD_H 1
| /* end confdefs.h.  */
| #include <stdio.h>
| #if HAVE_SYS_TYPES_H
| # include <sys/types.h>
| #endif
| #if HAVE_SYS_STAT_H
| # include <sys/stat.h>
| #endif
| #if STDC_HEADERS
| # include <stdlib.h>
| # include <stddef.h>
| #else
| # if HAVE_STDLIB_H
| #  include <stdlib.h>
| # endif
| #endif
| #if HAVE_STRING_H
| # if !STDC_HEADERS && HAVE_MEMORY_H
| #  include <memory.h>
| # endif
| # include <string.h>
| #endif
| #if HAVE_STRINGS_H
| # include <strings.h>
| #endif
| #if HAVE_INTTYPES_H
| # include <inttypes.h>
| #else
| # if HAVE_STDINT_H
| #  include <stdint.h>
| # endif
| #endif
| #if HAVE_UNISTD_H
| # include <unistd.h>
| #endif
| #include <minix/config.h>
configure:2904: result: no
configure:2908: checking minix/config.h presence
configure:2918: gcc -E  conftest.c
conftest.c:19:26: fatal error: minix/config.h: No such file or directory
compilation terminated.
configure:2924: $? = 1
configure: failed program was:
| /* confdefs.h.  */
| 
| #define PACKAGE_NAME ""
| #define PACKAGE_TARNAME ""
| #define PACKAGE_VERSION ""
| #define PACKAGE_STRING ""
| #define PACKAGE_BUGREPORT ""
| #define STDC_HEADERS 1
| #define HAVE_SYS_TYPES_H 1
| #define HAVE_SYS_STAT_H 1
| #define HAVE_STDLIB_H 1
| #define HAVE_STRING_H 1
| #define HAVE_MEMORY_H 1
| #define HAVE_STRINGS_H 1
| #define HAVE_INTTYPES_H 1
| #define HAVE_STDINT_H 1
| #define HAVE_UNISTD_H 1
| /* end confdefs.h.  */
| #include <minix/config.h>
configure:2944: result: no
configure:2979: checking for minix/config.h
configure:2986: result: no
configure:3015: checking for library containing strerror
configure:3045: gcc -o conftest -g -O2   conftest.c  >&5
configure:3051: $? = 0
configure:3055: test -z 
			 || test ! -s conftest.err
configure:3058: $? = 0
configure:3061: test -s conftest
configure:3064: $? = 0
configure:3134: result: none required
configure:3157: checking for a BSD-compatible install
configure:3212: result: /usr/bin/install -c
configure:3223: checking whether build environment is sane
configure:3266: result: yes
configure:3331: checking for gawk
configure:3347: found /usr/bin/gawk
configure:3357: result: gawk
configure:3367: checking whether make sets $(MAKE)
configure:3387: result: yes
configure:3417: checking for style of include used by make
configure:3445: result: GNU
configure:3621: checking dependency style of gcc
configure:3711: result: gcc3
configure:3731: checking whether to enable maintainer-specific portions of Makefiles
configure:3740: result: no
configure:3755: checking for function prototypes
configure:3758: result: yes
configure:3788: checking for string.h
configure:3793: result: yes
configure:3988: checking for g++
configure:4004: found /usr/bin/g++
configure:4014: result: g++
configure:4030: checking for C++ compiler version
configure:4033: g++ --version </dev/null >&5
g++ (Ubuntu/Linaro 4.5.2-8ubuntu4) 4.5.2
Copyright (C) 2010 Free Software Foundation, Inc.
This is free software; see the source for copying conditions.  There is NO
warranty; not even for MERCHANTABILITY or FITNESS FOR A PARTICULAR PURPOSE.

configure:4036: $? = 0
configure:4038: g++ -v </dev/null >&5
Using built-in specs.
COLLECT_GCC=g++
COLLECT_LTO_WRAPPER=/usr/lib/x86_64-linux-gnu/gcc/x86_64-linux-gnu/4.5.2/lto-wrapper
Target: x86_64-linux-gnu
Configured with: ../src/configure -v --with-pkgversion='Ubuntu/Linaro 4.5.2-8ubuntu4' --with-bugurl=file:///usr/share/doc/gcc-4.5/README.Bugs --enable-languages=c,c++,fortran,objc,obj-c++ --prefix=/usr --program-suffix=-4.5 --enable-shared --enable-multiarch --with-multiarch-defaults=x86_64-linux-gnu --enable-linker-build-id --with-system-zlib --libexecdir=/usr/lib/x86_64-linux-gnu --without-included-gettext --enable-threads=posix --with-gxx-include-dir=/usr/include/c++/4.5 --libdir=/usr/lib/x86_64-linux-gnu --enable-nls --with-sysroot=/ --enable-clocale=gnu --enable-libstdcxx-debug --enable-libstdcxx-time=yes --enable-plugin --enable-gold --enable-ld=default --with-plugin-ld=ld.gold --enable-objc-gc --disable-werror --with-arch-32=i686 --with-tune=generic --enable-checking=release --build=x86_64-linux-gnu --host=x86_64-linux-gnu --target=x86_64-linux-gnu
Thread model: posix
gcc version 4.5.2 (Ubuntu/Linaro 4.5.2-8ubuntu4) 
configure:4041: $? = 0
configure:4043: g++ -V </dev/null >&5
g++: '-V' option must have argument
configure:4046: $? = 1
configure:4049: checking whether we are using the GNU C++ compiler
configure:4073: g++ -c   conftest.cc >&5
configure:4079: $? = 0
configure:4083: test -z 
			 || test ! -s conftest.err
configure:4086: $? = 0
configure:4089: test -s conftest.o
configure:4092: $? = 0
configure:4105: result: yes
configure:4111: checking whether g++ accepts -g
configure:4132: g++ -c -g  conftest.cc >&5
configure:4138: $? = 0
configure:4142: test -z 
			 || test ! -s conftest.err
configure:4145: $? = 0
configure:4148: test -s conftest.o
configure:4151: $? = 0
configure:4162: result: yes
configure:4204: g++ -c -g -O2  conftest.cc >&5
configure:4210: $? = 0
configure:4214: test -z 
			 || test ! -s conftest.err
configure:4217: $? = 0
configure:4220: test -s conftest.o
configure:4223: $? = 0
configure:4249: g++ -c -g -O2  conftest.cc >&5
conftest.cc: In function 'int main()':
conftest.cc:28:9: error: 'exit' was not declared in this scope
configure:4255: $? = 1
configure: failed program was:
| /* confdefs.h.  */
| 
| #define PACKAGE_NAME ""
| #define PACKAGE_TARNAME ""
| #define PACKAGE_VERSION ""
| #define PACKAGE_STRING ""
| #define PACKAGE_BUGREPORT ""
| #define STDC_HEADERS 1
| #define HAVE_SYS_TYPES_H 1
| #define HAVE_SYS_STAT_H 1
| #define HAVE_STDLIB_H 1
| #define HAVE_STRING_H 1
| #define HAVE_MEMORY_H 1
| #define HAVE_STRINGS_H 1
| #define HAVE_INTTYPES_H 1
| #define HAVE_STDINT_H 1
| #define HAVE_UNISTD_H 1
| #define PACKAGE "nersuite"
| #define VERSION "1.1.1"
| #define PROTOTYPES 1
| #define __PROTOTYPES 1
| #define HAVE_STRING_H 1
| /* end confdefs.h.  */
| 
| int
| main ()
| {
| exit (42);
|   ;
|   return 0;
| }
configure:4204: g++ -c -g -O2  conftest.cc >&5
conftest.cc:24:40: error: 'void std::exit(int)' should have been declared inside 'std'
configure:4210: $? = 1
configure: failed program was:
| /* confdefs.h.  */
| 
| #define PACKAGE_NAME ""
| #define PACKAGE_TARNAME ""
| #define PACKAGE_VERSION ""
| #define PACKAGE_STRING ""
| #define PACKAGE_BUGREPORT ""
| #define STDC_HEADERS 1
| #define HAVE_SYS_TYPES_H 1
| #define HAVE_SYS_STAT_H 1
| #define HAVE_STDLIB_H 1
| #define HAVE_STRING_H 1
| #define HAVE_MEMORY_H 1
| #define HAVE_STRINGS_H 1
| #define HAVE_INTTYPES_H 1
| #define HAVE_STDINT_H 1
| #define HAVE_UNISTD_H 1
| #define PACKAGE "nersuite"
| #define VERSION "1.1.1"
| #define PROTOTYPES 1
| #define __PROTOTYPES 1
| #define HAVE_STRING_H 1
| /* end confdefs.h.  */
| extern "C" void std::exit (int) throw (); using std::exit;
| #include <stdlib.h>
| int
| main ()
| {
| exit (42);
|   ;
|   return 0;
| }
configure:4204: g++ -c -g -O2  conftest.cc >&5
conftest.cc:24:31: error: 'void std::exit(int)' should have been declared inside 'std'
In file included from conftest.cc:25:0:
/usr/include/stdlib.h:544:70: error: declaration of 'void std::exit(int) throw ()' throws different exceptions
conftest.cc:24:17: error: from previous declaration 'void std::exit(int)'
configure:4210: $? = 1
configure: failed program was:
| /* confdefs.h.  */
| 
| #define PACKAGE_NAME ""
| #define PACKAGE_TARNAME ""
| #define PACKAGE_VERSION ""
| #define PACKAGE_STRING ""
| #define PACKAGE_BUGREPORT ""
| #define STDC_HEADERS 1
| #define HAVE_SYS_TYPES_H 1
| #define HAVE_SYS_STAT_H 1
| #define HAVE_STDLIB_H 1
| #define HAVE_STRING_H 1
| #define HAVE_MEMORY_H 1
| #define HAVE_STRINGS_H 1
| #define HAVE_INTTYPES_H 1
| #define HAVE_STDINT_H 1
| #define HAVE_UNISTD_H 1
| #define PACKAGE "nersuite"
| #define VERSION "1.1.1"
| #define PROTOTYPES 1
| #define __PROTOTYPES 1
| #define HAVE_STRING_H 1
| /* end confdefs.h.  */
| extern "C" void std::exit (int); using std::exit;
| #include <stdlib.h>
| int
| main ()
| {
| exit (42);
|   ;
|   return 0;
| }
configure:4204: g++ -c -g -O2  conftest.cc >&5
configure:4210: $? = 0
configure:4214: test -z 
			 || test ! -s conftest.err
configure:4217: $? = 0
configure:4220: test -s conftest.o
configure:4223: $? = 0
configure:4249: g++ -c -g -O2  conftest.cc >&5
configure:4255: $? = 0
configure:4259: test -z 
			 || test ! -s conftest.err
configure:4262: $? = 0
configure:4265: test -s conftest.o
configure:4268: $? = 0
configure:4293: checking dependency style of g++
configure:4383: result: gcc3
configure:4413: checking for a BSD-compatible install
configure:4468: result: /usr/bin/install -c
configure:4479: checking whether ln -s works
configure:4483: result: yes
configure:4531: checking for ranlib
configure:4547: found /usr/bin/ranlib
configure:4558: result: ranlib
configure:4576: checking for ANSI C header files
configure:4732: result: yes
configure:4761: checking fcntl.h usability
configure:4773: gcc -c   conftest.c >&5
configure:4779: $? = 0
configure:4783: test -z 
			 || test ! -s conftest.err
configure:4786: $? = 0
configure:4789: test -s conftest.o
configure:4792: $? = 0
configure:4802: result: yes
configure:4806: checking fcntl.h presence
configure:4816: gcc -E  conftest.c
configure:4822: $? = 0
configure:4842: result: yes
configure:4877: checking for fcntl.h
configure:4884: result: yes
configure:4761: checking limits.h usability
configure:4773: gcc -c   conftest.c >&5
configure:4779: $? = 0
configure:4783: test -z 
			 || test ! -s conftest.err
configure:4786: $? = 0
configure:4789: test -s conftest.o
configure:4792: $? = 0
configure:4802: result: yes
configure:4806: checking limits.h presence
configure:4816: gcc -E  conftest.c
configure:4822: $? = 0
configure:4842: result: yes
configure:4877: checking for limits.h
configure:4884: result: yes
configure:4761: checking malloc.h usability
configure:4773: gcc -c   conftest.c >&5
configure:4779: $? = 0
configure:4783: test -z 
			 || test ! -s conftest.err
configure:4786: $? = 0
configure:4789: test -s conftest.o
configure:4792: $? = 0
configure:4802: result: yes
configure:4806: checking malloc.h presence
configure:4816: gcc -E  conftest.c
configure:4822: $? = 0
configure:4842: result: yes
configure:4877: checking for malloc.h
configure:4884: result: yes
configure:4752: checking for strings.h
configure:4757: result: yes
configure:4752: checking for unistd.h
configure:4757: result: yes
configure:4752: checking for stdint.h
configure:4757: result: yes
configure:4899: checking for an ANSI C-conforming const
configure:4966: gcc -c   conftest.c >&5
configure:4972: $? = 0
configure:4976: test -z 
			 || test ! -s conftest.err
configure:4979: $? = 0
configure:4982: test -s conftest.o
configure:4985: $? = 0
configure:4996: result: yes
configure:5006: checking for 
configure:5030: gcc -c   conftest.c >&5
conftest.c: In function 'main':
conftest.c:71:8: error: expected expression before ')' token
conftest.c:73:13: error: expected expression before ')' token
configure:5036: $? = 1
configure: failed program was:
| /* confdefs.h.  */
| 
| #define PACKAGE_NAME ""
| #define PACKAGE_TARNAME ""
| #define PACKAGE_VERSION ""
| #define PACKAGE_STRING ""
| #define PACKAGE_BUGREPORT ""
| #define STDC_HEADERS 1
| #define HAVE_SYS_TYPES_H 1
| #define HAVE_SYS_STAT_H 1
| #define HAVE_STDLIB_H 1
| #define HAVE_STRING_H 1
| #define HAVE_MEMORY_H 1
| #define HAVE_STRINGS_H 1
| #define HAVE_INTTYPES_H 1
| #define HAVE_STDINT_H 1
| #define HAVE_UNISTD_H 1
| #define PACKAGE "nersuite"
| #define VERSION "1.1.1"
| #define PROTOTYPES 1
| #define __PROTOTYPES 1
| #define HAVE_STRING_H 1
| #ifdef __cplusplus
| extern "C" void exit (int) throw ();
| #endif
| #define STDC_HEADERS 1
| #define HAVE_FCNTL_H 1
| #define HAVE_LIMITS_H 1
| #define HAVE_MALLOC_H 1
| #define HAVE_STRINGS_H 1
| #define HAVE_UNISTD_H 1
| #define HAVE_STDINT_H 1
| /* end confdefs.h.  */
| #include <stdio.h>
| #if HAVE_SYS_TYPES_H
| # include <sys/types.h>
| #endif
| #if HAVE_SYS_STAT_H
| # include <sys/stat.h>
| #endif
| #if STDC_HEADERS
| # include <stdlib.h>
| # include <stddef.h>
| #else
| # if HAVE_STDLIB_H
| #  include <stdlib.h>
| # endif
| #endif
| #if HAVE_STRING_H
| # if !STDC_HEADERS && HAVE_MEMORY_H
| #  include <memory.h>
| # endif
| # include <string.h>
| #endif
| #if HAVE_STRINGS_H
| # include <strings.h>
| #endif
| #if HAVE_INTTYPES_H
| # include <inttypes.h>
| #else
| # if HAVE_STDINT_H
| #  include <stdint.h>
| # endif
| #endif
| #if HAVE_UNISTD_H
| # include <unistd.h>
| #endif
| int
| main ()
| {
| if (( *) 0)
|   return 0;
| if (sizeof ())
|   return 0;
|   ;
|   return 0;
| }
configure:5060: result: no
configure:5063: checking size of 
configure:5413: result: 0
configure:5420: checking for size_t
configure:5444: gcc -c   conftest.c >&5
configure:5450: $? = 0
configure:5454: test -z 
			 || test ! -s conftest.err
configure:5457: $? = 0
configure:5460: test -s conftest.o
configure:5463: $? = 0
configure:5474: result: yes
configure:5486: checking whether struct tm is in sys/time.h or time.h
configure:5509: gcc -c   conftest.c >&5
configure:5515: $? = 0
configure:5519: test -z 
			 || test ! -s conftest.err
configure:5522: $? = 0
configure:5525: test -s conftest.o
configure:5528: $? = 0
configure:5539: result: time.h
configure:5549: checking for short
configure:5573: gcc -c   conftest.c >&5
configure:5579: $? = 0
configure:5583: test -z 
			 || test ! -s conftest.err
configure:5586: $? = 0
configure:5589: test -s conftest.o
configure:5592: $? = 0
configure:5603: result: yes
configure:5606: checking size of short
configure:5925: gcc -o conftest    conftest.c  >&5
configure:5928: $? = 0
configure:5930: ./conftest
configure:5933: $? = 0
configure:5956: result: 2
configure:5963: checking for unsigned short
configure:5987: gcc -c   conftest.c >&5
configure:5993: $? = 0
configure:5997: test -z 
			 || test ! -s conftest.err
configure:6000: $? = 0
configure:6003: test -s conftest.o
configure:6006: $? = 0
configure:6017: result: yes
configure:6020: checking size of unsigned short
configure:6339: gcc -o conftest    conftest.c  >&5
configure:6342: $? = 0
configure:6344: ./conftest
configure:6347: $? = 0
configure:6370: result: 2
configure:6377: checking for int
configure:6401: gcc -c   conftest.c >&5
configure:6407: $? = 0
configure:6411: test -z 
			 || test ! -s conftest.err
configure:6414: $? = 0
configure:6417: test -s conftest.o
configure:6420: $? = 0
configure:6431: result: yes
configure:6434: checking size of int
configure:6753: gcc -o conftest    conftest.c  >&5
configure:6756: $? = 0
configure:6758: ./conftest
configure:6761: $? = 0
configure:6784: result: 4
configure:6791: checking for unsigned int
configure:6815: gcc -c   conftest.c >&5
configure:6821: $? = 0
configure:6825: test -z 
			 || test ! -s conftest.err
configure:6828: $? = 0
configure:6831: test -s conftest.o
configure:6834: $? = 0
configure:6845: result: yes
configure:6848: checking size of unsigned int
configure:7167: gcc -o conftest    conftest.c  >&5
configure:7170: $? = 0
configure:7172: ./conftest
configure:7175: $? = 0
configure:7198: result: 4
configure:7205: checking for long
configure:7229: gcc -c   conftest.c >&5
configure:7235: $? = 0
configure:7239: test -z 
			 || test ! -s conftest.err
configure:7242: $? = 0
configure:7245: test -s conftest.o
configure:7248: $? = 0
configure:7259: result: yes
configure:7262: checking size of long
configure:7581: gcc -o conftest    conftest.c  >&5
configure:7584: $? = 0
configure:7586: ./conftest
configure:7589: $? = 0
configure:7612: result: 8
configure:7619: checking for unsigned long
configure:7643: gcc -c   conftest.c >&5
configure:7649: $? = 0
configure:7653: test -z 
			 || test ! -s conftest.err
configure:7656: $? = 0
configure:7659: test -s conftest.o
configure:7662: $? = 0
configure:7673: result: yes
configure:7676: checking size of unsigned long
configure:7995: gcc -o conftest    conftest.c  >&5
configure:7998: $? = 0
configure:8000: ./conftest
configure:8003: $? = 0
configure:8026: result: 8
configure:8034: checking for uint8_t
configure:8058: gcc -c   conftest.c >&5
configure:8064: $? = 0
configure:8068: test -z 
			 || test ! -s conftest.err
configure:8071: $? = 0
configure:8074: test -s conftest.o
configure:8077: $? = 0
configure:8088: result: yes
configure:8098: checking for uint16_t
configure:8122: gcc -c   conftest.c >&5
configure:8128: $? = 0
configure:8132: test -z 
			 || test ! -s conftest.err
configure:8135: $? = 0
configure:8138: test -s conftest.o
configure:8141: $? = 0
configure:8152: result: yes
configure:8162: checking for uint32_t
configure:8186: gcc -c   conftest.c >&5
configure:8192: $? = 0
configure:8196: test -z 
			 || test ! -s conftest.err
configure:8199: $? = 0
configure:8202: test -s conftest.o
configure:8205: $? = 0
configure:8216: result: yes
configure:8253: checking for working alloca.h
configure:8274: gcc -o conftest -O3 -ffast-math    conftest.c  >&5
configure:8280: $? = 0
configure:8284: test -z 
			 || test ! -s conftest.err
configure:8287: $? = 0
configure:8290: test -s conftest
configure:8293: $? = 0
configure:8305: result: yes
configure:8315: checking for alloca
configure:8356: gcc -o conftest -O3 -ffast-math    conftest.c  >&5
configure:8362: $? = 0
configure:8366: test -z 
			 || test ! -s conftest.err
configure:8369: $? = 0
configure:8372: test -s conftest
configure:8375: $? = 0
configure:8387: result: yes
configure:8610: checking for working memcmp
configure:8658: gcc -o conftest -O3 -ffast-math    conftest.c  >&5
configure:8661: $? = 0
configure:8663: ./conftest
configure:8666: $? = 0
configure:8680: result: yes
configure:8695: checking for vprintf
configure:8752: gcc -o conftest -O3 -ffast-math    conftest.c  >&5
conftest.c:70:6: warning: conflicting types for built-in function 'vprintf'
configure:8758: $? = 0
configure:8762: test -z 
			 || test ! -s conftest.err
configure:8765: $? = 0
configure:8768: test -s conftest
configure:8771: $? = 0
configure:8783: result: yes
configure:8790: checking for _doprnt
configure:8847: gcc -o conftest -O3 -ffast-math    conftest.c  >&5
/tmp/cc9wCbAI.o: In function `main':
conftest.c:(.text+0x9): undefined reference to `_doprnt'
/tmp/cc9wCbAI.o:(.data+0x0): undefined reference to `_doprnt'
collect2: ld returned 1 exit status
configure:8853: $? = 1
configure: failed program was:
| /* confdefs.h.  */
| 
| #define PACKAGE_NAME ""
| #define PACKAGE_TARNAME ""
| #define PACKAGE_VERSION ""
| #define PACKAGE_STRING ""
| #define PACKAGE_BUGREPORT ""
| #define STDC_HEADERS 1
| #define HAVE_SYS_TYPES_H 1
| #define HAVE_SYS_STAT_H 1
| #define HAVE_STDLIB_H 1
| #define HAVE_STRING_H 1
| #define HAVE_MEMORY_H 1
| #define HAVE_STRINGS_H 1
| #define HAVE_INTTYPES_H 1
| #define HAVE_STDINT_H 1
| #define HAVE_UNISTD_H 1
| #define PACKAGE "nersuite"
| #define VERSION "1.1.1"
| #define PROTOTYPES 1
| #define __PROTOTYPES 1
| #define HAVE_STRING_H 1
| #ifdef __cplusplus
| extern "C" void exit (int) throw ();
| #endif
| #define STDC_HEADERS 1
| #define HAVE_FCNTL_H 1
| #define HAVE_LIMITS_H 1
| #define HAVE_MALLOC_H 1
| #define HAVE_STRINGS_H 1
| #define HAVE_UNISTD_H 1
| #define HAVE_STDINT_H 1
| #define SIZEOF_ 0
| #define SIZEOF_SHORT 2
| #define SIZEOF_UNSIGNED_SHORT 2
| #define SIZEOF_INT 4
| #define SIZEOF_UNSIGNED_INT 4
| #define SIZEOF_LONG 8
| #define SIZEOF_UNSIGNED_LONG 8
| #define HAVE_UINT8_T 1
| #define HAVE_UINT16_T 1
| #define HAVE_UINT32_T 1
| #define HAVE_ALLOCA_H 1
| #define HAVE_ALLOCA 1
| #define HAVE_VPRINTF 1
| /* end confdefs.h.  */
| /* Define _doprnt to an innocuous variant, in case <limits.h> declares _doprnt.
|    For example, HP-UX 11i <limits.h> declares gettimeofday.  */
| #define _doprnt innocuous__doprnt
| 
| /* System header to define __stub macros and hopefully few prototypes,
|     which can conflict with char _doprnt (); below.
|     Prefer <limits.h> to <assert.h> if __STDC__ is defined, since
|     <limits.h> exists even on freestanding compilers.  */
| 
| #ifdef __STDC__
| # include <limits.h>
| #else
| # include <assert.h>
| #endif
| 
| #undef _doprnt
| 
| /* Override any gcc2 internal prototype to avoid an error.  */
| #ifdef __cplusplus
| extern "C"
| {
| #endif
| /* We use char because int might match the return type of a gcc2
|    builtin and then its argument prototype would still apply.  */
| char _doprnt ();
| /* The GNU C library defines this for functions which it implements
|     to always fail with ENOSYS.  Some functions are actually named
|     something starting with __ and the normal name is an alias.  */
| #if defined (__stub__doprnt) || defined (__stub____doprnt)
| choke me
| #else
| char (*f) () = _doprnt;
| #endif
| #ifdef __cplusplus
| }
| #endif
| 
| int
| main ()
| {
| return f != _doprnt;
|   ;
|   return 0;
| }
configure:8878: result: no
configure:8899: checking for strdup
configure:8956: gcc -o conftest -O3 -ffast-math    conftest.c  >&5
conftest.c:71:6: warning: conflicting types for built-in function 'strdup'
configure:8962: $? = 0
configure:8966: test -z 
			 || test ! -s conftest.err
configure:8969: $? = 0
configure:8972: test -s conftest
configure:8975: $? = 0
configure:8987: result: yes
configure:8899: checking for strerror
configure:8956: gcc -o conftest -O3 -ffast-math    conftest.c  >&5
configure:8962: $? = 0
configure:8966: test -z 
			 || test ! -s conftest.err
configure:8969: $? = 0
configure:8972: test -s conftest
configure:8975: $? = 0
configure:8987: result: yes
configure:8899: checking for strtol
configure:8956: gcc -o conftest -O3 -ffast-math    conftest.c  >&5
configure:8962: $? = 0
configure:8966: test -z 
			 || test ! -s conftest.err
configure:8969: $? = 0
configure:8972: test -s conftest
configure:8975: $? = 0
configure:8987: result: yes
configure:8899: checking for strtoul
configure:8956: gcc -o conftest -O3 -ffast-math    conftest.c  >&5
configure:8962: $? = 0
configure:8966: test -z 
			 || test ! -s conftest.err
configure:8969: $? = 0
configure:8972: test -s conftest
configure:8975: $? = 0
configure:8987: result: yes
configure:8999: checking for rand in -lm
configure:9029: gcc -o conftest -O3 -ffast-math    conftest.c -lm   >&5
configure:9035: $? = 0
configure:9039: test -z 
			 || test ! -s conftest.err
configure:9042: $? = 0
configure:9045: test -s conftest
configure:9048: $? = 0
configure:9061: result: yes
configure:9081: checking for lbfgs in -llbfgs
configure:9111: gcc -o conftest -O3 -ffast-math   -L/home/hccho/local/lib  conftest.c -llbfgs  -lm  >&5
configure:9117: $? = 0
configure:9121: test -z 
			 || test ! -s conftest.err
configure:9124: $? = 0
configure:9127: test -s conftest
configure:9130: $? = 0
configure:9143: result: yes
configure:9163: checking for crfsuite_create_instance in -lcrfsuite
configure:9193: gcc -o conftest -O3 -ffast-math   -L/home/hccho/local/lib -L/home/hccho/local/lib  conftest.c -lcrfsuite  -llbfgs -lm  >&5
configure:9199: $? = 0
configure:9203: test -z 
			 || test ! -s conftest.err
configure:9206: $? = 0
configure:9209: test -s conftest
configure:9212: $? = 0
configure:9225: result: yes
configure:9367: creating ./config.status

## ---------------------- ##
## Running config.status. ##
## ---------------------- ##

This file was extended by config.status, which was
generated by GNU Autoconf 2.59.  Invocation command line was

  CONFIG_FILES    = 
  CONFIG_HEADERS  = 
  CONFIG_LINKS    = 
  CONFIG_COMMANDS = 
  $ ./config.status 

on whiskey

config.status:720: creating Makefile
config.status:720: creating src/tokenizer/Makefile
config.status:720: creating src/gtagger/Makefile
config.status:720: creating src/nersuite_common/Makefile
config.status:720: creating src/nersuite/Makefile
config.status:720: creating src/dictionary_compiler/Makefile
config.status:720: creating src/dictionary_tagger/Makefile
config.status:720: creating src/correct_mp/Makefile
config.status:824: creating config.h
config.status:1188: executing depfiles commands

## ---------------- ##
## Cache variables. ##
## ---------------- ##

ac_cv_build=x86_64-unknown-linux-gnu
ac_cv_build_alias=x86_64-unknown-linux-gnu
ac_cv_c_compiler_gnu=yes
ac_cv_c_const=yes
ac_cv_cxx_compiler_gnu=yes
ac_cv_env_CC_set=
ac_cv_env_CC_value=
ac_cv_env_CFLAGS_set=
ac_cv_env_CFLAGS_value=
ac_cv_env_CPPFLAGS_set=
ac_cv_env_CPPFLAGS_value=
ac_cv_env_CPP_set=
ac_cv_env_CPP_value=
ac_cv_env_CXXFLAGS_set=
ac_cv_env_CXXFLAGS_value=
ac_cv_env_CXX_set=
ac_cv_env_CXX_value=
ac_cv_env_LDFLAGS_set=
ac_cv_env_LDFLAGS_value=
ac_cv_env_build_alias_set=
ac_cv_env_build_alias_value=
ac_cv_env_host_alias_set=
ac_cv_env_host_alias_value=
ac_cv_env_target_alias_set=
ac_cv_env_target_alias_value=
ac_cv_exeext=
ac_cv_func__doprnt=no
ac_cv_func_alloca_works=yes
ac_cv_func_memcmp_working=yes
ac_cv_func_strdup=yes
ac_cv_func_strerror=yes
ac_cv_func_strtol=yes
ac_cv_func_strtoul=yes
ac_cv_func_vprintf=yes
ac_cv_header_fcntl_h=yes
ac_cv_header_inttypes_h=yes
ac_cv_header_limits_h=yes
ac_cv_header_malloc_h=yes
ac_cv_header_memory_h=yes
ac_cv_header_minix_config_h=no
ac_cv_header_stdc=yes
ac_cv_header_stdint_h=yes
ac_cv_header_stdlib_h=yes
ac_cv_header_string_h=yes
ac_cv_header_strings_h=yes
ac_cv_header_sys_stat_h=yes
ac_cv_header_sys_types_h=yes
ac_cv_header_unistd_h=yes
ac_cv_host=x86_64-unknown-linux-gnu
ac_cv_host_alias=x86_64-unknown-linux-gnu
ac_cv_lib_crfsuite_crfsuite_create_instance=yes
ac_cv_lib_lbfgs_lbfgs=yes
ac_cv_lib_m_rand=yes
ac_cv_objext=o
ac_cv_path_install='/usr/bin/install -c'
ac_cv_prog_AWK=gawk
ac_cv_prog_CPP='gcc -E'
ac_cv_prog_ac_ct_CC=gcc
ac_cv_prog_ac_ct_CXX=g++
ac_cv_prog_ac_ct_RANLIB=ranlib
ac_cv_prog_cc_g=yes
ac_cv_prog_cc_stdc=
ac_cv_prog_cxx_g=yes
ac_cv_prog_egrep='grep -E'
ac_cv_prog_make_make_set=yes
ac_cv_search_strerror='none required'
ac_cv_sizeof_=0
ac_cv_sizeof_int=4
ac_cv_sizeof_long=8
ac_cv_sizeof_short=2
ac_cv_sizeof_unsigned_int=4
ac_cv_sizeof_unsigned_long=8
ac_cv_sizeof_unsigned_short=2
ac_cv_struct_tm=time.h
ac_cv_type_=no
ac_cv_type_int=yes
ac_cv_type_long=yes
ac_cv_type_short=yes
ac_cv_type_size_t=yes
ac_cv_type_uint16_t=yes
ac_cv_type_uint32_t=yes
ac_cv_type_uint8_t=yes
ac_cv_type_unsigned_int=yes
ac_cv_type_unsigned_long=yes
ac_cv_type_unsigned_short=yes
ac_cv_working_alloca_h=yes
am_cv_CC_dependencies_compiler_type=gcc3
am_cv_CXX_dependencies_compiler_type=gcc3

## ----------------- ##
## Output variables. ##
## ----------------- ##

ACLOCAL='${SHELL} /home/hccho/downloads/nersuite-1.2/missing --run aclocal-1.9'
ALLOCA=''
AMDEPBACKSLASH='\'
AMDEP_FALSE='#'
AMDEP_TRUE=''
AMTAR='${SHELL} /home/hccho/downloads/nersuite-1.2/missing --run tar'
ANSI2KNR=''
AUTOCONF='${SHELL} /home/hccho/downloads/nersuite-1.2/missing --run autoconf'
AUTOHEADER='${SHELL} /home/hccho/downloads/nersuite-1.2/missing --run autoheader'
AUTOMAKE='${SHELL} /home/hccho/downloads/nersuite-1.2/missing --run automake-1.9'
AWK='gawk'
CC='gcc'
CCDEPMODE='depmode=gcc3'
CFLAGS='-O3 -ffast-math '
CPP='gcc -E'
CPPFLAGS=''
CXX='g++'
CXXDEPMODE='depmode=gcc3'
CXXFLAGS='-g -O2'
CYGPATH_W='echo'
DEFS='-DHAVE_CONFIG_H'
DEPDIR='.deps'
ECHO_C=''
ECHO_N='-n'
ECHO_T=''
EGREP='grep -E'
EXEEXT=''
INCLUDES='-I/home/hccho/local/include -I/home/hccho/local/include -I$(top_srcdir) -I$(srcdir)'
INSTALL_DATA='${INSTALL} -m 644'
INSTALL_PROGRAM='${INSTALL}'
INSTALL_SCRIPT='${INSTALL}'
INSTALL_STRIP_PROGRAM='${SHELL} $(install_sh) -c -s'
LDFLAGS='-L/home/hccho/local/lib -L/home/hccho/local/lib '
LIBOBJS=''
LIBS='-lcrfsuite -llbfgs -lm '
LN_S='ln -s'
LTLIBOBJS=''
MAINT='#'
MAINTAINER_MODE_FALSE=''
MAINTAINER_MODE_TRUE='#'
MAKEINFO='${SHELL} /home/hccho/downloads/nersuite-1.2/missing --run makeinfo'
OBJEXT='o'
PACKAGE='nersuite'
PACKAGE_BUGREPORT=''
PACKAGE_NAME=''
PACKAGE_STRING=''
PACKAGE_TARNAME=''
PACKAGE_VERSION=''
PATH_SEPARATOR=':'
RANLIB='ranlib'
SET_MAKE=''
SHELL='/bin/bash'
STRIP=''
U=''
VERSION='1.1.1'
ac_ct_CC='gcc'
ac_ct_CXX='g++'
ac_ct_RANLIB='ranlib'
ac_ct_STRIP=''
am__fastdepCC_FALSE='#'
am__fastdepCC_TRUE=''
am__fastdepCXX_FALSE='#'
am__fastdepCXX_TRUE=''
am__include='include'
am__leading_dot='.'
am__quote=''
am__tar='${AMTAR} chof - "$$tardir"'
am__untar='${AMTAR} xf -'
bindir='${exec_prefix}/bin'
build='x86_64-unknown-linux-gnu'
build_alias=''
build_cpu='x86_64'
build_os='linux-gnu'
build_vendor='unknown'
datadir='${prefix}/share'
exec_prefix='${prefix}'
host='x86_64-unknown-linux-gnu'
host_alias=''
host_cpu='x86_64'
host_os='linux-gnu'
host_vendor='unknown'
includedir='${prefix}/include'
infodir='${prefix}/info'
install_sh='/home/hccho/downloads/nersuite-1.2/install-sh'
libdir='${exec_prefix}/lib'
libexecdir='${exec_prefix}/libexec'
localstatedir='${prefix}/var'
mandir='${prefix}/man'
mkdir_p='mkdir -p --'
oldincludedir='/usr/include'
prefix='/home/hccho/local'
program_transform_name='s,x,x,'
sbindir='${exec_prefix}/sbin'
sharedstatedir='${prefix}/com'
sysconfdir='${prefix}/etc'
target_alias=''

## ----------- ##
## confdefs.h. ##
## ----------- ##

#define HAVE_ALLOCA 1
#define HAVE_ALLOCA_H 1
#define HAVE_FCNTL_H 1
#define HAVE_INTTYPES_H 1
#define HAVE_LIBCRFSUITE 1
#define HAVE_LIBLBFGS 1
#define HAVE_LIBM 1
#define HAVE_LIMITS_H 1
#define HAVE_MALLOC_H 1
#define HAVE_MEMORY_H 1
#define HAVE_STDINT_H 1
#define HAVE_STDINT_H 1
#define HAVE_STDLIB_H 1
#define HAVE_STRDUP 1
#define HAVE_STRERROR 1
#define HAVE_STRINGS_H 1
#define HAVE_STRINGS_H 1
#define HAVE_STRING_H 1
#define HAVE_STRING_H 1
#define HAVE_STRTOL 1
#define HAVE_STRTOUL 1
#define HAVE_SYS_STAT_H 1
#define HAVE_SYS_TYPES_H 1
#define HAVE_UINT16_T 1
#define HAVE_UINT32_T 1
#define HAVE_UINT8_T 1
#define HAVE_UNISTD_H 1
#define HAVE_UNISTD_H 1
#define HAVE_VPRINTF 1
#define PACKAGE "nersuite"
#define PACKAGE_BUGREPORT ""
#define PACKAGE_NAME ""
#define PACKAGE_STRING ""
#define PACKAGE_TARNAME ""
#define PACKAGE_VERSION ""
#define PROTOTYPES 1
#define SIZEOF_ 0
#define SIZEOF_INT 4
#define SIZEOF_LONG 8
#define SIZEOF_SHORT 2
#define SIZEOF_UNSIGNED_INT 4
#define SIZEOF_UNSIGNED_LONG 8
#define SIZEOF_UNSIGNED_SHORT 2
#define STDC_HEADERS 1
#define STDC_HEADERS 1
#define VERSION "1.1.1"
#define __PROTOTYPES 1
#endif
#ifdef __cplusplus
extern "C" void exit (int) throw ();

configure: exit 0
